<?xml version="1.0" encoding="UTF-8"?>
<!-- Generated by org.testng.reporters.JUnitReportReporter -->
<testsuite hostname="Nathyal" failures="0" tests="4" name="testcases.tc_loginpage" time="6.102" errors="0" timestamp="2024-10-30T22:02:15 IST" skipped="0">
  <testcase classname="testcases.tc_loginpage" name="setup" time="3.602"/>
  <testcase classname="testcases.tc_loginpage" name="screensortlistener" time="0.910"/>
  <testcase classname="testcases.tc_loginpage" name="loginpagetestcase" time="1.255"/>
  <testcase classname="testcases.tc_loginpage" name="teardown" time="0.335"/>
</testsuite> <!-- testcases.tc_loginpage -->
