<?xml version="1.0" encoding="UTF-8"?>
<!-- Generated by org.testng.reporters.JUnitReportReporter -->
<testsuite hostname="Nathyal" failures="0" tests="2" name="testcases.BaseClass" time="2.305" errors="0" timestamp="2024-10-30T15:21:57 IST" skipped="0">
  <testcase classname="testcases.BaseClass" name="Asetup" time="2.161"/>
  <testcase classname="testcases.BaseClass" name="Bteardown" time="0.144"/>
</testsuite> <!-- testcases.BaseClass -->
