<?xml version="1.0" encoding="UTF-8"?>
<!-- Generated by org.testng.reporters.JUnitReportReporter -->
<testsuite hostname="Nathyal" failures="0" tests="4" name="testcases.baseclassscreensortlistenerclass" time="6.910" errors="0" timestamp="2024-10-30T22:21:57 IST" skipped="0">
  <testcase classname="testcases.baseclassscreensortlistenerclass" name="setup" time="5.152"/>
  <testcase classname="testcases.baseclassscreensortlistenerclass" name="screensortlistener" time="0.514"/>
  <testcase classname="testcases.baseclassscreensortlistenerclass" name="loginpagetestcase" time="0.987"/>
  <testcase classname="testcases.baseclassscreensortlistenerclass" name="teardown" time="0.257"/>
</testsuite> <!-- testcases.baseclassscreensortlistenerclass -->
