<?xml version="1.0" encoding="UTF-8"?>
<!-- Generated by org.testng.reporters.JUnitReportReporter -->
<testsuite hostname="Nathyal" failures="0" tests="6" name="testcases.tc_posting" time="12.971" errors="0" timestamp="2024-11-01T12:33:07 IST" skipped="0">
  <testcase classname="testcases.tc_posting" name="setup" time="3.947"/>
  <testcase classname="testcases.tc_posting" name="screensortlistener" time="0.796"/>
  <testcase classname="testcases.tc_posting" name="logintestcasemethod" time="0.560"/>
  <testcase classname="testcases.tc_posting" name="Postingtestmethod" time="7.271"/>
  <testcase classname="testcases.tc_posting" name="screensort" time="0.029"/>
  <testcase classname="testcases.tc_posting" name="teardown" time="0.368"/>
</testsuite> <!-- testcases.tc_posting -->
